RUN	demostore.DemostoreApiSimulation	demostoreapisimulation	1727300702892	 	3.11.3
USER	DemostoreApiSimulation	START	1727300703523
REQUEST		List categories	1727300703501	1727300703753	OK	 
REQUEST		List products	1727300705849	1727300705933	OK	 
USER	DemostoreApiSimulation	START	1727300707497
REQUEST		List categories	1727300707496	1727300707718	OK	 
REQUEST		Get product	1727300707944	1727300708020	OK	 
REQUEST		List products	1727300709720	1727300709796	OK	 
REQUEST		Authenticate	1727300710028	1727300710106	OK	 
REQUEST		Update product Curve Ocean Sky	1727300710110	1727300710189	OK	 
REQUEST		Get product	1727300711799	1727300711876	OK	 
REQUEST		Create product Purple Glasses	1727300712195	1727300712274	OK	 
REQUEST		Create product Obsidian Glasses	1727300712276	1727300712355	OK	 
REQUEST		Create product Rainbow Glasses	1727300712357	1727300712434	OK	 
USER	DemostoreApiSimulation	START	1727300712497
REQUEST		List categories	1727300712496	1727300712738	OK	 
REQUEST		Authenticate	1727300713878	1727300713954	OK	 
REQUEST		Update product Pink Panther	1727300713956	1727300714034	OK	 
REQUEST		Update category	1727300714437	1727300714516	OK	 
USER	DemostoreApiSimulation	END	1727300714520
USER	DemostoreApiSimulation	START	1727300714521
REQUEST		List categories	1727300714521	1727300714746	OK	 
REQUEST		List products	1727300714740	1727300714822	OK	 
REQUEST		Create product Purple Glasses	1727300716036	1727300716113	OK	 
REQUEST		Create product Obsidian Glasses	1727300716115	1727300716192	OK	 
REQUEST		Create product Rainbow Glasses	1727300716194	1727300716271	OK	 
REQUEST		List products	1727300716748	1727300716823	OK	 
REQUEST		Get product	1727300716824	1727300716906	OK	 
USER	DemostoreApiSimulation	START	1727300717497
REQUEST		List categories	1727300717496	1727300717718	OK	 
REQUEST		Update category	1727300718274	1727300718350	OK	 
USER	DemostoreApiSimulation	END	1727300718352
USER	DemostoreApiSimulation	START	1727300718354
REQUEST		List categories	1727300718353	1727300718575	OK	 
REQUEST		Get product	1727300718826	1727300718903	OK	 
REQUEST		Authenticate	1727300718908	1727300718989	OK	 
REQUEST		Update product White Leopard Pattern	1727300718991	1727300719074	OK	 
REQUEST		List products	1727300719720	1727300719796	OK	 
REQUEST		List products	1727300720577	1727300720652	OK	 
REQUEST		Authenticate	1727300720905	1727300720983	OK	 
REQUEST		Update product Plain White	1727300720984	1727300721063	OK	 
REQUEST		Create product Purple Glasses	1727300721077	1727300721160	OK	 
REQUEST		Create product Obsidian Glasses	1727300721162	1727300721244	OK	 
REQUEST		Create product Rainbow Glasses	1727300721245	1727300721328	OK	 
REQUEST		Get product	1727300721798	1727300721875	OK	 
USER	DemostoreApiSimulation	START	1727300722497
REQUEST		List categories	1727300722496	1727300722720	OK	 
REQUEST		Get product	1727300722655	1727300722731	OK	 
REQUEST		Create product Purple Glasses	1727300723066	1727300723144	OK	 
REQUEST		Create product Obsidian Glasses	1727300723145	1727300723222	OK	 
REQUEST		Create product Rainbow Glasses	1727300723223	1727300723300	OK	 
REQUEST		Update category	1727300723330	1727300723415	OK	 
USER	DemostoreApiSimulation	END	1727300723417
USER	DemostoreApiSimulation	START	1727300723418
REQUEST		List categories	1727300723417	1727300723637	OK	 
REQUEST		Authenticate	1727300723877	1727300723953	OK	 
REQUEST		Update product Leopard Skin	1727300723954	1727300724033	OK	 
REQUEST		List products	1727300724722	1727300724797	OK	 
REQUEST		Authenticate	1727300724732	1727300724809	OK	 
REQUEST		Update product Pink Panther	1727300724810	1727300724887	OK	 
REQUEST		Update category	1727300725303	1727300725380	OK	 
USER	DemostoreApiSimulation	END	1727300725381
USER	DemostoreApiSimulation	START	1727300725382
REQUEST		List categories	1727300725382	1727300725601	OK	 
REQUEST		List products	1727300725640	1727300725715	OK	 
REQUEST		Create product Purple Glasses	1727300726035	1727300726112	OK	 
REQUEST		Create product Obsidian Glasses	1727300726113	1727300726189	OK	 
REQUEST		Create product Rainbow Glasses	1727300726191	1727300726268	OK	 
REQUEST		Get product	1727300726800	1727300726876	OK	 
REQUEST		Create product Purple Glasses	1727300726890	1727300726966	OK	 
REQUEST		Create product Obsidian Glasses	1727300726968	1727300727048	OK	 
REQUEST		Create product Rainbow Glasses	1727300727050	1727300727126	OK	 
REQUEST		List products	1727300727603	1727300727678	OK	 
REQUEST		Get product	1727300727717	1727300727793	OK	 
REQUEST		Update category	1727300728271	1727300728347	OK	 
USER	DemostoreApiSimulation	END	1727300728349
USER	DemostoreApiSimulation	START	1727300728350
REQUEST		List categories	1727300728349	1727300728593	OK	 
REQUEST		Authenticate	1727300728878	1727300728954	OK	 
REQUEST		Update product Leopard Skin	1727300728955	1727300729032	OK	 
REQUEST		Update category	1727300729128	1727300729203	OK	 
USER	DemostoreApiSimulation	END	1727300729205
USER	DemostoreApiSimulation	START	1727300729206
REQUEST		List categories	1727300729205	1727300729444	OK	 
REQUEST		Get product	1727300729680	1727300729755	OK	 
REQUEST		Authenticate	1727300729795	1727300729871	OK	 
REQUEST		Update product Curve Ocean Sky	1727300729872	1727300729950	OK	 
REQUEST		List products	1727300730594	1727300730675	OK	 
REQUEST		Create product Purple Glasses	1727300731035	1727300731112	OK	 
REQUEST		Create product Obsidian Glasses	1727300731113	1727300731191	OK	 
REQUEST		Create product Rainbow Glasses	1727300731192	1727300731269	OK	 
REQUEST		List products	1727300731447	1727300731528	OK	 
REQUEST		Authenticate	1727300731757	1727300731833	OK	 
REQUEST		Update product Gold Design	1727300731834	1727300731910	OK	 
REQUEST		Create product Purple Glasses	1727300731953	1727300732029	OK	 
REQUEST		Create product Obsidian Glasses	1727300732031	1727300732107	OK	 
REQUEST		Create product Rainbow Glasses	1727300732109	1727300732185	OK	 
REQUEST		Get product	1727300732677	1727300732759	OK	 
REQUEST		Update category	1727300733271	1727300733347	OK	 
USER	DemostoreApiSimulation	END	1727300733349
USER	DemostoreApiSimulation	START	1727300733350
REQUEST		List categories	1727300733349	1727300733591	OK	 
REQUEST		Get product	1727300733530	1727300733610	OK	 
REQUEST		Create product Purple Glasses	1727300733912	1727300733988	OK	 
REQUEST		Create product Obsidian Glasses	1727300733989	1727300734065	OK	 
REQUEST		Create product Rainbow Glasses	1727300734067	1727300734143	OK	 
REQUEST		Update category	1727300734187	1727300734263	OK	 
USER	DemostoreApiSimulation	END	1727300734264
USER	DemostoreApiSimulation	START	1727300734266
REQUEST		List categories	1727300734265	1727300734485	OK	 
REQUEST		Authenticate	1727300734760	1727300734842	OK	 
REQUEST		Update product Plain White	1727300734844	1727300734925	OK	 
REQUEST		List products	1727300735593	1727300735675	OK	 
REQUEST		Authenticate	1727300735612	1727300735694	OK	 
REQUEST		Update product Plain White	1727300735696	1727300735778	OK	 
REQUEST		Update category	1727300736146	1727300736220	OK	 
USER	DemostoreApiSimulation	END	1727300736222
USER	DemostoreApiSimulation	START	1727300736223
REQUEST		List categories	1727300736222	1727300736442	OK	 
REQUEST		List products	1727300736487	1727300736562	OK	 
REQUEST		Create product Purple Glasses	1727300736928	1727300737010	OK	 
REQUEST		Create product Obsidian Glasses	1727300737011	1727300737093	OK	 
REQUEST		Create product Rainbow Glasses	1727300737094	1727300737177	OK	 
REQUEST		Get product	1727300737677	1727300737758	OK	 
REQUEST		Create product Purple Glasses	1727300737779	1727300737861	OK	 
REQUEST		Create product Obsidian Glasses	1727300737862	1727300737944	OK	 
REQUEST		Create product Rainbow Glasses	1727300737945	1727300738027	OK	 
REQUEST		List products	1727300738443	1727300738519	OK	 
REQUEST		Get product	1727300738564	1727300738639	OK	 
REQUEST		Update category	1727300739179	1727300739260	OK	 
USER	DemostoreApiSimulation	END	1727300739262
USER	DemostoreApiSimulation	START	1727300739263
REQUEST		List categories	1727300739262	1727300739486	OK	 
REQUEST		Authenticate	1727300739760	1727300739842	OK	 
REQUEST		Update product Pink Panther	1727300739843	1727300739927	OK	 
REQUEST		Update category	1727300740029	1727300740111	OK	 
USER	DemostoreApiSimulation	END	1727300740112
USER	DemostoreApiSimulation	START	1727300740113
REQUEST		List categories	1727300740113	1727300740332	OK	 
REQUEST		Get product	1727300740521	1727300740600	OK	 
REQUEST		Authenticate	1727300740641	1727300740721	OK	 
REQUEST		Update product Plain White	1727300740723	1727300740799	OK	 
REQUEST		List products	1727300741489	1727300741564	OK	 
REQUEST		Create product Purple Glasses	1727300741929	1727300742011	OK	 
REQUEST		Create product Obsidian Glasses	1727300742012	1727300742095	OK	 
REQUEST		Create product Rainbow Glasses	1727300742096	1727300742180	OK	 
REQUEST		List products	1727300742334	1727300742410	OK	 
REQUEST		Authenticate	1727300742602	1727300742678	OK	 
REQUEST		Update product Curve Ocean Sky	1727300742679	1727300742756	OK	 
REQUEST		Create product Purple Glasses	1727300742801	1727300742878	OK	 
REQUEST		Create product Obsidian Glasses	1727300742879	1727300742955	OK	 
REQUEST		Create product Rainbow Glasses	1727300742956	1727300743033	OK	 
REQUEST		Get product	1727300743566	1727300743644	OK	 
REQUEST		Update category	1727300744182	1727300744266	OK	 
USER	DemostoreApiSimulation	END	1727300744267
REQUEST		Get product	1727300744412	1727300744486	OK	 
REQUEST		Create product Purple Glasses	1727300744758	1727300744842	OK	 
REQUEST		Create product Obsidian Glasses	1727300744843	1727300744920	OK	 
REQUEST		Create product Rainbow Glasses	1727300744921	1727300744997	OK	 
REQUEST		Update category	1727300745035	1727300745113	OK	 
USER	DemostoreApiSimulation	END	1727300745114
REQUEST		Authenticate	1727300745645	1727300745722	OK	 
REQUEST		Update product Plain White	1727300745723	1727300745799	OK	 
REQUEST		Authenticate	1727300746488	1727300746563	OK	 
REQUEST		Update product White Leopard Pattern	1727300746564	1727300746640	OK	 
REQUEST		Update category	1727300746999	1727300747074	OK	 
USER	DemostoreApiSimulation	END	1727300747076
REQUEST		Create product Purple Glasses	1727300747802	1727300747878	OK	 
REQUEST		Create product Obsidian Glasses	1727300747879	1727300747959	OK	 
REQUEST		Create product Rainbow Glasses	1727300747961	1727300748040	OK	 
REQUEST		Create product Purple Glasses	1727300748642	1727300748718	OK	 
REQUEST		Create product Obsidian Glasses	1727300748720	1727300748795	OK	 
REQUEST		Create product Rainbow Glasses	1727300748796	1727300748873	OK	 
REQUEST		Update category	1727300750042	1727300750118	OK	 
USER	DemostoreApiSimulation	END	1727300750119
REQUEST		Update category	1727300750875	1727300750951	OK	 
USER	DemostoreApiSimulation	END	1727300750952
