RUN	demostore.DemostoreApiSimulation	demostoreapisimulation	1727300714184	 	3.11.3
USER	DemostoreApiSimulation	START	1727300715045
REQUEST		List categories	1727300714875	1727300715118	OK	 
REQUEST		List products	1727300717203	1727300717233	OK	 
USER	DemostoreApiSimulation	START	1727300718862
REQUEST		List categories	1727300718861	1727300718931	OK	 
REQUEST		Get product	1727300719244	1727300719270	OK	 
REQUEST		List products	1727300720933	1727300720959	OK	 
REQUEST		Authenticate	1727300721278	1727300721305	OK	 
REQUEST		Update product Gold Design	1727300721310	1727300721338	OK	 
REQUEST		Get product	1727300722961	1727300722988	OK	 
REQUEST		Create product Purple Glasses	1727300723344	1727300723370	OK	 
REQUEST		Create product Obsidian Glasses	1727300723373	1727300723398	OK	 
REQUEST		Create product Rainbow Glasses	1727300723399	1727300723426	OK	 
USER	DemostoreApiSimulation	START	1727300723872
REQUEST		List categories	1727300723871	1727300723940	OK	 
REQUEST		Authenticate	1727300724990	1727300725023	OK	 
REQUEST		Update product Gold Design	1727300725024	1727300725055	OK	 
REQUEST		Update category	1727300725428	1727300725455	OK	 
USER	DemostoreApiSimulation	END	1727300725457
USER	DemostoreApiSimulation	START	1727300725459
REQUEST		List categories	1727300725458	1727300725528	OK	 
REQUEST		List products	1727300725942	1727300725967	OK	 
REQUEST		Create product Purple Glasses	1727300727057	1727300727085	OK	 
REQUEST		Create product Obsidian Glasses	1727300727086	1727300727115	OK	 
REQUEST		Create product Rainbow Glasses	1727300727116	1727300727141	OK	 
REQUEST		List products	1727300727530	1727300727557	OK	 
REQUEST		Get product	1727300727969	1727300727994	OK	 
USER	DemostoreApiSimulation	START	1727300728872
REQUEST		List categories	1727300728871	1727300728950	OK	 
REQUEST		Update category	1727300729144	1727300729169	OK	 
USER	DemostoreApiSimulation	END	1727300729170
USER	DemostoreApiSimulation	START	1727300729172
REQUEST		List categories	1727300729171	1727300729245	OK	 
REQUEST		Get product	1727300729559	1727300729584	OK	 
REQUEST		Authenticate	1727300729996	1727300730021	OK	 
REQUEST		Update product Leopard Skin	1727300730023	1727300730048	OK	 
REQUEST		List products	1727300730952	1727300730980	OK	 
REQUEST		List products	1727300731247	1727300731272	OK	 
REQUEST		Authenticate	1727300731586	1727300731611	OK	 
REQUEST		Update product Leopard Skin	1727300731613	1727300731638	OK	 
REQUEST		Create product Purple Glasses	1727300732050	1727300732078	OK	 
REQUEST		Create product Obsidian Glasses	1727300732080	1727300732106	OK	 
REQUEST		Create product Rainbow Glasses	1727300732107	1727300732136	OK	 
REQUEST		Get product	1727300732982	1727300733011	OK	 
REQUEST		Get product	1727300733274	1727300733299	OK	 
REQUEST		Create product Purple Glasses	1727300733641	1727300733666	OK	 
REQUEST		Create product Obsidian Glasses	1727300733668	1727300733693	OK	 
REQUEST		Create product Rainbow Glasses	1727300733694	1727300733719	OK	 
USER	DemostoreApiSimulation	START	1727300733872
REQUEST		List categories	1727300733872	1727300733950	OK	 
REQUEST		Update category	1727300734138	1727300734163	OK	 
USER	DemostoreApiSimulation	END	1727300734164
USER	DemostoreApiSimulation	START	1727300734165
REQUEST		List categories	1727300734164	1727300734243	OK	 
REQUEST		Authenticate	1727300735013	1727300735041	OK	 
REQUEST		Update product White Leopard Pattern	1727300735042	1727300735076	OK	 
REQUEST		Authenticate	1727300735301	1727300735326	OK	 
REQUEST		Update product Curve Ocean Sky	1727300735327	1727300735352	OK	 
REQUEST		Update category	1727300735721	1727300735746	OK	 
USER	DemostoreApiSimulation	END	1727300735747
USER	DemostoreApiSimulation	START	1727300735748
REQUEST		List categories	1727300735748	1727300735814	OK	 
REQUEST		List products	1727300735952	1727300735979	OK	 
REQUEST		List products	1727300736245	1727300736273	OK	 
REQUEST		Create product Purple Glasses	1727300737079	1727300737108	OK	 
REQUEST		Create product Obsidian Glasses	1727300737109	1727300737138	OK	 
REQUEST		Create product Rainbow Glasses	1727300737139	1727300737168	OK	 
REQUEST		Create product Purple Glasses	1727300737354	1727300737381	OK	 
REQUEST		Create product Obsidian Glasses	1727300737382	1727300737412	OK	 
REQUEST		Create product Rainbow Glasses	1727300737412	1727300737440	OK	 
REQUEST		List products	1727300737817	1727300737841	OK	 
REQUEST		Get product	1727300737981	1727300738009	OK	 
REQUEST		Get product	1727300738276	1727300738303	OK	 
REQUEST		Update category	1727300739170	1727300739199	OK	 
USER	DemostoreApiSimulation	END	1727300739200
USER	DemostoreApiSimulation	START	1727300739201
REQUEST		List categories	1727300739201	1727300739268	OK	 
REQUEST		Update category	1727300739441	1727300739469	OK	 
USER	DemostoreApiSimulation	END	1727300739470
USER	DemostoreApiSimulation	START	1727300739471
REQUEST		List categories	1727300739471	1727300739539	OK	 
REQUEST		Get product	1727300739844	1727300739869	OK	 
REQUEST		Authenticate	1727300740011	1727300740040	OK	 
REQUEST		Update product Gold Design	1727300740041	1727300740072	OK	 
REQUEST		Authenticate	1727300740306	1727300740334	OK	 
REQUEST		Update product Curve Ocean Sky	1727300740335	1727300740366	OK	 
REQUEST		List products	1727300741270	1727300741295	OK	 
REQUEST		List products	1727300741541	1727300741565	OK	 
REQUEST		Authenticate	1727300741871	1727300741896	OK	 
REQUEST		Update product Curved Brown	1727300741897	1727300741922	OK	 
REQUEST		Create product Purple Glasses	1727300742074	1727300742110	OK	 
REQUEST		Create product Obsidian Glasses	1727300742111	1727300742140	OK	 
REQUEST		Create product Rainbow Glasses	1727300742141	1727300742176	OK	 
REQUEST		Create product Purple Glasses	1727300742368	1727300742396	OK	 
REQUEST		Create product Obsidian Glasses	1727300742398	1727300742426	OK	 
REQUEST		Create product Rainbow Glasses	1727300742427	1727300742456	OK	 
REQUEST		Get product	1727300743297	1727300743322	OK	 
REQUEST		Get product	1727300743568	1727300743592	OK	 
REQUEST		Create product Purple Glasses	1727300743924	1727300743952	OK	 
REQUEST		Create product Obsidian Glasses	1727300743953	1727300743977	OK	 
REQUEST		Create product Rainbow Glasses	1727300743978	1727300744003	OK	 
REQUEST		Update category	1727300744178	1727300744207	OK	 
USER	DemostoreApiSimulation	END	1727300744208
USER	DemostoreApiSimulation	START	1727300744209
REQUEST		List categories	1727300744209	1727300744285	OK	 
REQUEST		Update category	1727300744457	1727300744486	OK	 
USER	DemostoreApiSimulation	END	1727300744487
USER	DemostoreApiSimulation	START	1727300744488
REQUEST		List categories	1727300744487	1727300744563	OK	 
REQUEST		Authenticate	1727300745324	1727300745350	OK	 
REQUEST		Update product Gold Design	1727300745351	1727300745379	OK	 
REQUEST		Authenticate	1727300745595	1727300745627	OK	 
REQUEST		Update product Curved Brown	1727300745629	1727300745655	OK	 
REQUEST		Update category	1727300746005	1727300746030	OK	 
USER	DemostoreApiSimulation	END	1727300746031
USER	DemostoreApiSimulation	START	1727300746033
REQUEST		List categories	1727300746031	1727300746113	OK	 
REQUEST		List products	1727300746287	1727300746317	OK	 
REQUEST		List products	1727300746565	1727300746592	OK	 
REQUEST		Create product Purple Glasses	1727300747382	1727300747407	OK	 
REQUEST		Create product Obsidian Glasses	1727300747408	1727300747433	OK	 
REQUEST		Create product Rainbow Glasses	1727300747434	1727300747459	OK	 
REQUEST		Create product Purple Glasses	1727300747657	1727300747683	OK	 
REQUEST		Create product Obsidian Glasses	1727300747684	1727300747709	OK	 
REQUEST		Create product Rainbow Glasses	1727300747710	1727300747735	OK	 
REQUEST		List products	1727300748115	1727300748143	OK	 
REQUEST		Get product	1727300748320	1727300748347	OK	 
REQUEST		Get product	1727300748594	1727300748621	OK	 
REQUEST		Update category	1727300749461	1727300749487	OK	 
USER	DemostoreApiSimulation	END	1727300749488
USER	DemostoreApiSimulation	START	1727300749489
REQUEST		List categories	1727300749489	1727300749555	OK	 
REQUEST		Update category	1727300749738	1727300749763	OK	 
USER	DemostoreApiSimulation	END	1727300749764
USER	DemostoreApiSimulation	START	1727300749765
REQUEST		List categories	1727300749764	1727300749834	OK	 
REQUEST		Get product	1727300750146	1727300750174	OK	 
REQUEST		Authenticate	1727300750349	1727300750377	OK	 
REQUEST		Update product Curve Ocean Sky	1727300750378	1727300750410	OK	 
REQUEST		Authenticate	1727300750623	1727300750655	OK	 
REQUEST		Update product Gold Design	1727300750657	1727300750686	OK	 
REQUEST		List products	1727300751557	1727300751582	OK	 
REQUEST		List products	1727300751836	1727300751859	OK	 
REQUEST		Authenticate	1727300752176	1727300752204	OK	 
REQUEST		Update product Curve Ocean Sky	1727300752206	1727300752235	OK	 
REQUEST		Create product Purple Glasses	1727300752412	1727300752440	OK	 
REQUEST		Create product Obsidian Glasses	1727300752441	1727300752469	OK	 
REQUEST		Create product Rainbow Glasses	1727300752470	1727300752498	OK	 
REQUEST		Create product Purple Glasses	1727300752689	1727300752719	OK	 
REQUEST		Create product Obsidian Glasses	1727300752720	1727300752750	OK	 
REQUEST		Create product Rainbow Glasses	1727300752751	1727300752780	OK	 
REQUEST		Get product	1727300753584	1727300753607	OK	 
REQUEST		Get product	1727300753861	1727300753886	OK	 
REQUEST		Create product Purple Glasses	1727300754237	1727300754266	OK	 
REQUEST		Create product Obsidian Glasses	1727300754267	1727300754295	OK	 
REQUEST		Create product Rainbow Glasses	1727300754296	1727300754325	OK	 
REQUEST		Update category	1727300754500	1727300754528	OK	 
USER	DemostoreApiSimulation	END	1727300754530
USER	DemostoreApiSimulation	START	1727300754530
REQUEST		List categories	1727300754530	1727300754607	OK	 
REQUEST		Update category	1727300754782	1727300754813	OK	 
USER	DemostoreApiSimulation	END	1727300754814
USER	DemostoreApiSimulation	START	1727300754814
REQUEST		List categories	1727300754814	1727300754890	OK	 
REQUEST		Authenticate	1727300755609	1727300755634	OK	 
REQUEST		Update product Curved Brown	1727300755636	1727300755661	OK	 
REQUEST		Authenticate	1727300755888	1727300755914	OK	 
REQUEST		Update product Pink Panther	1727300755915	1727300755942	OK	 
REQUEST		Update category	1727300756327	1727300756361	OK	 
USER	DemostoreApiSimulation	END	1727300756362
REQUEST		List products	1727300756609	1727300756636	OK	 
REQUEST		List products	1727300756892	1727300756921	OK	 
REQUEST		Create product Purple Glasses	1727300757663	1727300757688	OK	 
REQUEST		Create product Obsidian Glasses	1727300757689	1727300757713	OK	 
REQUEST		Create product Rainbow Glasses	1727300757713	1727300757739	OK	 
REQUEST		Create product Purple Glasses	1727300757944	1727300757970	OK	 
REQUEST		Create product Obsidian Glasses	1727300757970	1727300757996	OK	 
REQUEST		Create product Rainbow Glasses	1727300757996	1727300758021	OK	 
REQUEST		Get product	1727300758638	1727300758665	OK	 
REQUEST		Get product	1727300758923	1727300758950	OK	 
REQUEST		Update category	1727300759740	1727300759765	OK	 
USER	DemostoreApiSimulation	END	1727300759766
REQUEST		Update category	1727300760023	1727300760052	OK	 
USER	DemostoreApiSimulation	END	1727300760053
REQUEST		Authenticate	1727300760667	1727300760695	OK	 
REQUEST		Update product Leopard Skin	1727300760696	1727300760724	OK	 
REQUEST		Authenticate	1727300760952	1727300760980	OK	 
REQUEST		Update product Gold Design	1727300760981	1727300761010	OK	 
REQUEST		Create product Purple Glasses	1727300762726	1727300762756	OK	 
REQUEST		Create product Obsidian Glasses	1727300762757	1727300762784	OK	 
REQUEST		Create product Rainbow Glasses	1727300762785	1727300762813	OK	 
REQUEST		Create product Purple Glasses	1727300763012	1727300763040	OK	 
REQUEST		Create product Obsidian Glasses	1727300763041	1727300763070	OK	 
REQUEST		Create product Rainbow Glasses	1727300763071	1727300763102	OK	 
REQUEST		Update category	1727300764815	1727300764843	OK	 
USER	DemostoreApiSimulation	END	1727300764844
REQUEST		Update category	1727300765104	1727300765131	OK	 
USER	DemostoreApiSimulation	END	1727300765132
