RUN	demostore.DemostoreApiSimulation	demostoreapisimulation	1727300694372	 	3.11.3
USER	DemostoreApiSimulation	START	1727300695268
REQUEST		List categories	1727300694972	1727300695359	OK	 
REQUEST		List products	1727300697447	1727300697481	OK	 
USER	DemostoreApiSimulation	START	1727300698949
REQUEST		List categories	1727300698947	1727300699028	OK	 
REQUEST		Get product	1727300699492	1727300699525	OK	 
REQUEST		List products	1727300701029	1727300701060	OK	 
REQUEST		Authenticate	1727300701533	1727300701579	OK	 
REQUEST		Update product Pink Panther	1727300701582	1727300701628	OK	 
REQUEST		Get product	1727300703062	1727300703097	OK	 
REQUEST		Create product Purple Glasses	1727300703634	1727300703670	OK	 
REQUEST		Create product Obsidian Glasses	1727300703673	1727300703707	OK	 
REQUEST		Create product Rainbow Glasses	1727300703708	1727300703738	OK	 
USER	DemostoreApiSimulation	START	1727300703948
REQUEST		List categories	1727300703947	1727300704026	OK	 
REQUEST		Authenticate	1727300705099	1727300705129	OK	 
REQUEST		Update product Curve Ocean Sky	1727300705130	1727300705168	OK	 
REQUEST		Update category	1727300705741	1727300705773	OK	 
USER	DemostoreApiSimulation	END	1727300705776
USER	DemostoreApiSimulation	START	1727300705778
REQUEST		List categories	1727300705777	1727300705853	OK	 
REQUEST		List products	1727300706028	1727300706057	OK	 
REQUEST		Create product Purple Glasses	1727300707170	1727300707202	OK	 
REQUEST		Create product Obsidian Glasses	1727300707203	1727300707235	OK	 
REQUEST		Create product Rainbow Glasses	1727300707236	1727300707268	OK	 
REQUEST		List products	1727300707855	1727300707884	OK	 
REQUEST		Get product	1727300708059	1727300708086	OK	 
USER	DemostoreApiSimulation	START	1727300708948
REQUEST		List categories	1727300708947	1727300709031	OK	 
REQUEST		Update category	1727300709270	1727300709296	OK	 
USER	DemostoreApiSimulation	END	1727300709297
USER	DemostoreApiSimulation	START	1727300709299
REQUEST		List categories	1727300709298	1727300709384	OK	 
REQUEST		Get product	1727300709887	1727300709917	OK	 
REQUEST		Authenticate	1727300710088	1727300710116	OK	 
REQUEST		Update product Curve Ocean Sky	1727300710117	1727300710147	OK	 
REQUEST		List products	1727300711033	1727300711065	OK	 
REQUEST		List products	1727300711385	1727300711417	OK	 
REQUEST		Authenticate	1727300711919	1727300711949	OK	 
REQUEST		Update product Curve Ocean Sky	1727300711950	1727300711982	OK	 
REQUEST		Create product Purple Glasses	1727300712149	1727300712179	OK	 
REQUEST		Create product Obsidian Glasses	1727300712180	1727300712208	OK	 
REQUEST		Create product Rainbow Glasses	1727300712209	1727300712240	OK	 
REQUEST		Get product	1727300713068	1727300713100	OK	 
REQUEST		Get product	1727300713419	1727300713451	OK	 
USER	DemostoreApiSimulation	START	1727300713948
REQUEST		Create product Purple Glasses	1727300713984	1727300714017	OK	 
REQUEST		List categories	1727300713947	1727300714020	OK	 
REQUEST		Create product Obsidian Glasses	1727300714018	1727300714044	OK	 
REQUEST		Create product Rainbow Glasses	1727300714045	1727300714071	OK	 
REQUEST		Update category	1727300714242	1727300714271	OK	 
USER	DemostoreApiSimulation	END	1727300714272
USER	DemostoreApiSimulation	START	1727300714273
REQUEST		List categories	1727300714273	1727300714349	OK	 
REQUEST		Authenticate	1727300715101	1727300715135	OK	 
REQUEST		Update product Curve Ocean Sky	1727300715137	1727300715166	OK	 
REQUEST		Authenticate	1727300715453	1727300715482	OK	 
REQUEST		Update product Leopard Skin	1727300715483	1727300715511	OK	 
REQUEST		List products	1727300716021	1727300716046	OK	 
REQUEST		Update category	1727300716073	1727300716098	OK	 
USER	DemostoreApiSimulation	END	1727300716099
USER	DemostoreApiSimulation	START	1727300716100
REQUEST		List categories	1727300716100	1727300716168	OK	 
REQUEST		List products	1727300716351	1727300716378	OK	 
REQUEST		Create product Purple Glasses	1727300717169	1727300717198	OK	 
REQUEST		Create product Obsidian Glasses	1727300717198	1727300717227	OK	 
REQUEST		Create product Rainbow Glasses	1727300717228	1727300717260	OK	 
REQUEST		Create product Purple Glasses	1727300717513	1727300717542	OK	 
REQUEST		Create product Obsidian Glasses	1727300717543	1727300717571	OK	 
REQUEST		Create product Rainbow Glasses	1727300717572	1727300717600	OK	 
REQUEST		Get product	1727300718048	1727300718072	OK	 
REQUEST		List products	1727300718169	1727300718193	OK	 
REQUEST		Get product	1727300718381	1727300718407	OK	 
REQUEST		Update category	1727300719261	1727300719290	OK	 
USER	DemostoreApiSimulation	END	1727300719291
USER	DemostoreApiSimulation	START	1727300719292
REQUEST		List categories	1727300719291	1727300719369	OK	 
REQUEST		Update category	1727300719602	1727300719630	OK	 
USER	DemostoreApiSimulation	END	1727300719630
USER	DemostoreApiSimulation	START	1727300719631
REQUEST		List categories	1727300719631	1727300719697	OK	 
REQUEST		Authenticate	1727300720074	1727300720099	OK	 
REQUEST		Update product Pink Panther	1727300720099	1727300720128	OK	 
REQUEST		Get product	1727300720195	1727300720219	OK	 
REQUEST		Authenticate	1727300720409	1727300720436	OK	 
REQUEST		Update product Plain White	1727300720437	1727300720466	OK	 
REQUEST		List products	1727300721371	1727300721398	OK	 
REQUEST		List products	1727300721699	1727300721722	OK	 
REQUEST		Create product Purple Glasses	1727300722130	1727300722157	OK	 
REQUEST		Create product Obsidian Glasses	1727300722158	1727300722183	OK	 
REQUEST		Create product Rainbow Glasses	1727300722184	1727300722210	OK	 
REQUEST		Authenticate	1727300722220	1727300722245	OK	 
REQUEST		Update product Leopard Skin	1727300722246	1727300722273	OK	 
REQUEST		Create product Purple Glasses	1727300722468	1727300722496	OK	 
REQUEST		Create product Obsidian Glasses	1727300722497	1727300722524	OK	 
REQUEST		Create product Rainbow Glasses	1727300722525	1727300722555	OK	 
REQUEST		Get product	1727300723401	1727300723429	OK	 
REQUEST		Get product	1727300723724	1727300723747	OK	 
REQUEST		Update category	1727300724212	1727300724237	OK	 
USER	DemostoreApiSimulation	END	1727300724238
USER	DemostoreApiSimulation	START	1727300724239
REQUEST		Create product Purple Glasses	1727300724275	1727300724299	OK	 
REQUEST		List categories	1727300724239	1727300724305	OK	 
REQUEST		Create product Obsidian Glasses	1727300724300	1727300724325	OK	 
REQUEST		Create product Rainbow Glasses	1727300724326	1727300724351	OK	 
REQUEST		Update category	1727300724556	1727300724584	OK	 
USER	DemostoreApiSimulation	END	1727300724584
USER	DemostoreApiSimulation	START	1727300724585
REQUEST		List categories	1727300724585	1727300724661	OK	 
REQUEST		Authenticate	1727300725430	1727300725458	OK	 
REQUEST		Update product Pink Panther	1727300725459	1727300725488	OK	 
REQUEST		Authenticate	1727300725749	1727300725773	OK	 
REQUEST		Update product Curve Ocean Sky	1727300725774	1727300725801	OK	 
REQUEST		List products	1727300726306	1727300726330	OK	 
REQUEST		Update category	1727300726353	1727300726377	OK	 
USER	DemostoreApiSimulation	END	1727300726378
USER	DemostoreApiSimulation	START	1727300726380
REQUEST		List categories	1727300726378	1727300726455	OK	 
REQUEST		List products	1727300726662	1727300726689	OK	 
REQUEST		Create product Purple Glasses	1727300727490	1727300727518	OK	 
REQUEST		Create product Obsidian Glasses	1727300727518	1727300727547	OK	 
REQUEST		Create product Rainbow Glasses	1727300727547	1727300727578	OK	 
REQUEST		Create product Purple Glasses	1727300727803	1727300727827	OK	 
REQUEST		Create product Obsidian Glasses	1727300727828	1727300727851	OK	 
REQUEST		Create product Rainbow Glasses	1727300727852	1727300727876	OK	 
REQUEST		Get product	1727300728332	1727300728356	OK	 
REQUEST		List products	1727300728456	1727300728486	OK	 
REQUEST		Get product	1727300728691	1727300728717	OK	 
REQUEST		Update category	1727300729580	1727300729607	OK	 
USER	DemostoreApiSimulation	END	1727300729608
USER	DemostoreApiSimulation	START	1727300729609
REQUEST		List categories	1727300729609	1727300729685	OK	 
REQUEST		Update category	1727300729878	1727300729903	OK	 
USER	DemostoreApiSimulation	END	1727300729904
USER	DemostoreApiSimulation	START	1727300729904
REQUEST		List categories	1727300729904	1727300729970	OK	 
REQUEST		Authenticate	1727300730357	1727300730385	OK	 
REQUEST		Update product Pink Panther	1727300730386	1727300730411	OK	 
REQUEST		Get product	1727300730487	1727300730515	OK	 
REQUEST		Authenticate	1727300730719	1727300730747	OK	 
REQUEST		Update product Plain White	1727300730748	1727300730777	OK	 
REQUEST		List products	1727300731687	1727300731717	OK	 
REQUEST		List products	1727300731971	1727300731995	OK	 
REQUEST		Create product Purple Glasses	1727300732413	1727300732438	OK	 
REQUEST		Create product Obsidian Glasses	1727300732439	1727300732465	OK	 
REQUEST		Create product Rainbow Glasses	1727300732466	1727300732490	OK	 
REQUEST		Authenticate	1727300732516	1727300732543	OK	 
REQUEST		Update product Leopard Skin	1727300732544	1727300732571	OK	 
REQUEST		Create product Purple Glasses	1727300732779	1727300732807	OK	 
REQUEST		Create product Obsidian Glasses	1727300732807	1727300732835	OK	 
REQUEST		Create product Rainbow Glasses	1727300732835	1727300732862	OK	 
REQUEST		Get product	1727300733719	1727300733746	OK	 
REQUEST		Get product	1727300733997	1727300734021	OK	 
REQUEST		Update category	1727300734492	1727300734517	OK	 
USER	DemostoreApiSimulation	END	1727300734518
USER	DemostoreApiSimulation	START	1727300734519
REQUEST		List categories	1727300734518	1727300734585	OK	 
REQUEST		Create product Purple Glasses	1727300734573	1727300734600	OK	 
REQUEST		Create product Obsidian Glasses	1727300734601	1727300734629	OK	 
REQUEST		Create product Rainbow Glasses	1727300734629	1727300734657	OK	 
REQUEST		Update category	1727300734864	1727300734894	OK	 
USER	DemostoreApiSimulation	END	1727300734895
USER	DemostoreApiSimulation	START	1727300734896
REQUEST		List categories	1727300734895	1727300734970	OK	 
REQUEST		Authenticate	1727300735748	1727300735775	OK	 
REQUEST		Update product Curved Brown	1727300735776	1727300735804	OK	 
REQUEST		Authenticate	1727300736022	1727300736047	OK	 
REQUEST		Update product White Leopard Pattern	1727300736048	1727300736072	OK	 
REQUEST		List products	1727300736587	1727300736611	OK	 
REQUEST		Update category	1727300736658	1727300736685	OK	 
USER	DemostoreApiSimulation	END	1727300736686
REQUEST		List products	1727300736971	1727300736997	OK	 
REQUEST		Create product Purple Glasses	1727300737806	1727300737835	OK	 
REQUEST		Create product Obsidian Glasses	1727300737835	1727300737862	OK	 
REQUEST		Create product Rainbow Glasses	1727300737863	1727300737891	OK	 
REQUEST		Create product Purple Glasses	1727300738074	1727300738099	OK	 
REQUEST		Create product Obsidian Glasses	1727300738099	1727300738127	OK	 
REQUEST		Create product Rainbow Glasses	1727300738128	1727300738153	OK	 
REQUEST		Get product	1727300738613	1727300738638	OK	 
REQUEST		Get product	1727300738998	1727300739025	OK	 
REQUEST		Update category	1727300739893	1727300739920	OK	 
USER	DemostoreApiSimulation	END	1727300739921
REQUEST		Update category	1727300740154	1727300740179	OK	 
USER	DemostoreApiSimulation	END	1727300740180
REQUEST		Authenticate	1727300740639	1727300740665	OK	 
REQUEST		Update product Curve Ocean Sky	1727300740666	1727300740695	OK	 
REQUEST		Authenticate	1727300741026	1727300741053	OK	 
REQUEST		Update product Curved Brown	1727300741053	1727300741081	OK	 
REQUEST		Create product Purple Glasses	1727300742698	1727300742723	OK	 
REQUEST		Create product Obsidian Glasses	1727300742724	1727300742749	OK	 
REQUEST		Create product Rainbow Glasses	1727300742750	1727300742774	OK	 
REQUEST		Create product Purple Glasses	1727300743082	1727300743109	OK	 
REQUEST		Create product Obsidian Glasses	1727300743110	1727300743139	OK	 
REQUEST		Create product Rainbow Glasses	1727300743140	1727300743168	OK	 
REQUEST		Update category	1727300744776	1727300744803	OK	 
USER	DemostoreApiSimulation	END	1727300744803
REQUEST		Update category	1727300745169	1727300745196	OK	 
USER	DemostoreApiSimulation	END	1727300745197
