RUN	demostore.DemostoreApiSimulation	demostoreapisimulation	1727300719176	 	3.11.3
USER	DemostoreApiSimulation	START	1727300719857
REQUEST		List categories	1727300719826	1727300719930	OK	 
REQUEST		List products	1727300722057	1727300722082	OK	 
USER	DemostoreApiSimulation	START	1727300723808
REQUEST		List categories	1727300723807	1727300723887	OK	 
REQUEST		Get product	1727300724092	1727300724119	OK	 
REQUEST		List products	1727300725889	1727300725917	OK	 
REQUEST		Authenticate	1727300726126	1727300726154	OK	 
REQUEST		Update product Plain White	1727300726158	1727300726186	OK	 
REQUEST		Get product	1727300727919	1727300727952	OK	 
REQUEST		Create product Purple Glasses	1727300728192	1727300728217	OK	 
REQUEST		Create product Obsidian Glasses	1727300728219	1727300728244	OK	 
REQUEST		Create product Rainbow Glasses	1727300728245	1727300728270	OK	 
USER	DemostoreApiSimulation	START	1727300728809
REQUEST		List categories	1727300728808	1727300728888	OK	 
REQUEST		Authenticate	1727300729954	1727300729984	OK	 
REQUEST		Update product Gold Design	1727300729985	1727300730014	OK	 
REQUEST		Update category	1727300730273	1727300730308	OK	 
USER	DemostoreApiSimulation	END	1727300730311
USER	DemostoreApiSimulation	START	1727300730313
REQUEST		List categories	1727300730312	1727300730383	OK	 
REQUEST		List products	1727300730890	1727300730918	OK	 
REQUEST		Create product Purple Glasses	1727300732017	1727300732046	OK	 
REQUEST		Create product Obsidian Glasses	1727300732047	1727300732076	OK	 
REQUEST		Create product Rainbow Glasses	1727300732078	1727300732107	OK	 
REQUEST		List products	1727300732385	1727300732409	OK	 
REQUEST		Get product	1727300732920	1727300732949	OK	 
USER	DemostoreApiSimulation	START	1727300733809
REQUEST		List categories	1727300733808	1727300733885	OK	 
REQUEST		Update category	1727300734110	1727300734138	OK	 
USER	DemostoreApiSimulation	END	1727300734139
USER	DemostoreApiSimulation	START	1727300734141
REQUEST		List categories	1727300734140	1727300734217	OK	 
REQUEST		Get product	1727300734412	1727300734436	OK	 
REQUEST		Authenticate	1727300734951	1727300734979	OK	 
REQUEST		Update product Pink Panther	1727300734980	1727300735009	OK	 
REQUEST		List products	1727300735887	1727300735915	OK	 
REQUEST		List products	1727300736219	1727300736245	OK	 
REQUEST		Authenticate	1727300736438	1727300736464	OK	 
REQUEST		Update product Gold Design	1727300736465	1727300736489	OK	 
REQUEST		Create product Purple Glasses	1727300737011	1727300737041	OK	 
REQUEST		Create product Obsidian Glasses	1727300737042	1727300737070	OK	 
REQUEST		Create product Rainbow Glasses	1727300737072	1727300737100	OK	 
REQUEST		Get product	1727300737917	1727300737945	OK	 
REQUEST		Get product	1727300738248	1727300738276	OK	 
REQUEST		Create product Purple Glasses	1727300738492	1727300738518	OK	 
REQUEST		Create product Obsidian Glasses	1727300738519	1727300738544	OK	 
REQUEST		Create product Rainbow Glasses	1727300738545	1727300738569	OK	 
USER	DemostoreApiSimulation	START	1727300738809
REQUEST		List categories	1727300738808	1727300738876	OK	 
REQUEST		Update category	1727300739102	1727300739131	OK	 
USER	DemostoreApiSimulation	END	1727300739132
USER	DemostoreApiSimulation	START	1727300739134
REQUEST		List categories	1727300739133	1727300739209	OK	 
REQUEST		Authenticate	1727300739947	1727300739976	OK	 
REQUEST		Update product Curve Ocean Sky	1727300739977	1727300740006	OK	 
REQUEST		Authenticate	1727300740278	1727300740306	OK	 
REQUEST		Update product Plain White	1727300740307	1727300740336	OK	 
REQUEST		Update category	1727300740571	1727300740600	OK	 
USER	DemostoreApiSimulation	END	1727300740601
USER	DemostoreApiSimulation	START	1727300740602
REQUEST		List categories	1727300740602	1727300740678	OK	 
REQUEST		List products	1727300740877	1727300740901	OK	 
REQUEST		List products	1727300741211	1727300741242	OK	 
REQUEST		Create product Purple Glasses	1727300742008	1727300742038	OK	 
REQUEST		Create product Obsidian Glasses	1727300742039	1727300742068	OK	 
REQUEST		Create product Rainbow Glasses	1727300742069	1727300742097	OK	 
REQUEST		Create product Purple Glasses	1727300742338	1727300742368	OK	 
REQUEST		Create product Obsidian Glasses	1727300742369	1727300742398	OK	 
REQUEST		Create product Rainbow Glasses	1727300742398	1727300742427	OK	 
REQUEST		List products	1727300742681	1727300742721	OK	 
REQUEST		Get product	1727300742903	1727300742931	OK	 
REQUEST		Get product	1727300743245	1727300743272	OK	 
REQUEST		Update category	1727300744099	1727300744126	OK	 
USER	DemostoreApiSimulation	END	1727300744128
USER	DemostoreApiSimulation	START	1727300744128
REQUEST		List categories	1727300744128	1727300744206	OK	 
REQUEST		Update category	1727300744429	1727300744457	OK	 
USER	DemostoreApiSimulation	END	1727300744458
USER	DemostoreApiSimulation	START	1727300744459
REQUEST		List categories	1727300744459	1727300744535	OK	 
REQUEST		Get product	1727300744724	1727300744753	OK	 
REQUEST		Authenticate	1727300744933	1727300744960	OK	 
REQUEST		Update product Curve Ocean Sky	1727300744961	1727300744994	OK	 
REQUEST		Authenticate	1727300745275	1727300745305	OK	 
REQUEST		Update product White Leopard Pattern	1727300745306	1727300745336	OK	 
REQUEST		List products	1727300746208	1727300746235	OK	 
REQUEST		List products	1727300746537	1727300746564	OK	 
REQUEST		Authenticate	1727300746756	1727300746786	OK	 
REQUEST		Update product Curved Brown	1727300746787	1727300746815	OK	 
REQUEST		Create product Purple Glasses	1727300746996	1727300747021	OK	 
REQUEST		Create product Obsidian Glasses	1727300747022	1727300747047	OK	 
REQUEST		Create product Rainbow Glasses	1727300747047	1727300747074	OK	 
REQUEST		Create product Purple Glasses	1727300747338	1727300747368	OK	 
REQUEST		Create product Obsidian Glasses	1727300747369	1727300747398	OK	 
REQUEST		Create product Rainbow Glasses	1727300747399	1727300747433	OK	 
REQUEST		Get product	1727300748237	1727300748268	OK	 
REQUEST		Get product	1727300748567	1727300748594	OK	 
REQUEST		Create product Purple Glasses	1727300748818	1727300748846	OK	 
REQUEST		Create product Obsidian Glasses	1727300748847	1727300748875	OK	 
REQUEST		Create product Rainbow Glasses	1727300748876	1727300748904	OK	 
REQUEST		Update category	1727300749076	1727300749100	OK	 
USER	DemostoreApiSimulation	END	1727300749102
USER	DemostoreApiSimulation	START	1727300749103
REQUEST		List categories	1727300749102	1727300749185	OK	 
REQUEST		Update category	1727300749434	1727300749462	OK	 
USER	DemostoreApiSimulation	END	1727300749463
USER	DemostoreApiSimulation	START	1727300749464
REQUEST		List categories	1727300749464	1727300749539	OK	 
REQUEST		Authenticate	1727300750270	1727300750298	OK	 
REQUEST		Update product Pink Panther	1727300750299	1727300750327	OK	 
REQUEST		Authenticate	1727300750596	1727300750625	OK	 
REQUEST		Update product White Leopard Pattern	1727300750626	1727300750657	OK	 
REQUEST		Update category	1727300750906	1727300750934	OK	 
USER	DemostoreApiSimulation	END	1727300750935
USER	DemostoreApiSimulation	START	1727300750937
REQUEST		List categories	1727300750936	1727300751016	OK	 
REQUEST		List products	1727300751188	1727300751215	OK	 
REQUEST		List products	1727300751541	1727300751568	OK	 
REQUEST		Create product Purple Glasses	1727300752330	1727300752359	OK	 
REQUEST		Create product Obsidian Glasses	1727300752360	1727300752388	OK	 
REQUEST		Create product Rainbow Glasses	1727300752389	1727300752417	OK	 
REQUEST		Create product Purple Glasses	1727300752659	1727300752687	OK	 
REQUEST		Create product Obsidian Glasses	1727300752688	1727300752716	OK	 
REQUEST		Create product Rainbow Glasses	1727300752717	1727300752745	OK	 
REQUEST		List products	1727300753018	1727300753047	OK	 
REQUEST		Get product	1727300753217	1727300753244	OK	 
REQUEST		Get product	1727300753571	1727300753598	OK	 
REQUEST		Update category	1727300754419	1727300754450	OK	 
USER	DemostoreApiSimulation	END	1727300754451
USER	DemostoreApiSimulation	START	1727300754452
REQUEST		List categories	1727300754451	1727300754523	OK	 
REQUEST		Update category	1727300754748	1727300754776	OK	 
USER	DemostoreApiSimulation	END	1727300754777
USER	DemostoreApiSimulation	START	1727300754778
REQUEST		List categories	1727300754778	1727300754859	OK	 
REQUEST		Get product	1727300755050	1727300755077	OK	 
REQUEST		Authenticate	1727300755246	1727300755275	OK	 
REQUEST		Update product Gold Design	1727300755277	1727300755309	OK	 
REQUEST		Authenticate	1727300755600	1727300755628	OK	 
REQUEST		Update product Pink Panther	1727300755629	1727300755657	OK	 
REQUEST		List products	1727300756525	1727300756549	OK	 
REQUEST		List products	1727300756861	1727300756888	OK	 
REQUEST		Authenticate	1727300757079	1727300757107	OK	 
REQUEST		Update product Curved Brown	1727300757108	1727300757138	OK	 
REQUEST		Create product Purple Glasses	1727300757311	1727300757339	OK	 
REQUEST		Create product Obsidian Glasses	1727300757340	1727300757368	OK	 
REQUEST		Create product Rainbow Glasses	1727300757369	1727300757397	OK	 
REQUEST		Create product Purple Glasses	1727300757660	1727300757688	OK	 
REQUEST		Create product Obsidian Glasses	1727300757689	1727300757729	OK	 
REQUEST		Create product Rainbow Glasses	1727300757730	1727300757759	OK	 
REQUEST		Get product	1727300758551	1727300758576	OK	 
REQUEST		Get product	1727300758890	1727300758924	OK	 
REQUEST		Create product Purple Glasses	1727300759140	1727300759168	OK	 
REQUEST		Create product Obsidian Glasses	1727300759170	1727300759197	OK	 
REQUEST		Create product Rainbow Glasses	1727300759198	1727300759226	OK	 
REQUEST		Update category	1727300759398	1727300759426	OK	 
USER	DemostoreApiSimulation	END	1727300759427
USER	DemostoreApiSimulation	START	1727300759428
REQUEST		List categories	1727300759427	1727300759502	OK	 
REQUEST		Update category	1727300759762	1727300759789	OK	 
USER	DemostoreApiSimulation	END	1727300759790
USER	DemostoreApiSimulation	START	1727300759791
REQUEST		List categories	1727300759791	1727300759857	OK	 
REQUEST		Authenticate	1727300760578	1727300760603	OK	 
REQUEST		Update product Pink Panther	1727300760604	1727300760629	OK	 
REQUEST		Authenticate	1727300760926	1727300760955	OK	 
REQUEST		Update product Curve Ocean Sky	1727300760956	1727300760985	OK	 
REQUEST		Update category	1727300761227	1727300761255	OK	 
USER	DemostoreApiSimulation	END	1727300761256
REQUEST		List products	1727300761504	1727300761533	OK	 
REQUEST		List products	1727300761858	1727300761884	OK	 
REQUEST		Create product Purple Glasses	1727300762631	1727300762655	OK	 
REQUEST		Create product Obsidian Glasses	1727300762656	1727300762680	OK	 
REQUEST		Create product Rainbow Glasses	1727300762681	1727300762706	OK	 
REQUEST		Create product Purple Glasses	1727300762988	1727300763017	OK	 
REQUEST		Create product Obsidian Glasses	1727300763018	1727300763047	OK	 
REQUEST		Create product Rainbow Glasses	1727300763047	1727300763075	OK	 
REQUEST		Get product	1727300763535	1727300763563	OK	 
REQUEST		Get product	1727300763886	1727300763909	OK	 
REQUEST		Update category	1727300764708	1727300764733	OK	 
USER	DemostoreApiSimulation	END	1727300764734
REQUEST		Update category	1727300765077	1727300765105	OK	 
USER	DemostoreApiSimulation	END	1727300765106
REQUEST		Authenticate	1727300765565	1727300765593	OK	 
REQUEST		Update product Pink Panther	1727300765594	1727300765622	OK	 
REQUEST		Authenticate	1727300765910	1727300765937	OK	 
REQUEST		Update product Gold Design	1727300765938	1727300765962	OK	 
REQUEST		Create product Purple Glasses	1727300767624	1727300767652	OK	 
REQUEST		Create product Obsidian Glasses	1727300767654	1727300767681	OK	 
REQUEST		Create product Rainbow Glasses	1727300767682	1727300767709	OK	 
REQUEST		Create product Purple Glasses	1727300767964	1727300767989	OK	 
REQUEST		Create product Obsidian Glasses	1727300767990	1727300768016	OK	 
REQUEST		Create product Rainbow Glasses	1727300768017	1727300768041	OK	 
REQUEST		Update category	1727300769711	1727300769739	OK	 
USER	DemostoreApiSimulation	END	1727300769740
REQUEST		Update category	1727300770043	1727300770068	OK	 
USER	DemostoreApiSimulation	END	1727300770069
